{"name": "First TC", "status": "broken", "statusDetails": {"message": "selenium.common.exceptions.TimeoutException: Message: \nStacktrace:\nNoSuchElementError: An element could not be located on the page using the given search parameters.\n    at AndroidUiautomator2Driver.findElOrEls (/home/pbox/headspinio-pboxagent/appium/1.22.3/node_modules/appium/node_modules/appium-android-driver/lib/commands/find.js:75:11)\n    at processTicksAndRejections (internal/process/task_queues.js:95:5)\n    at AndroidUiautomator2Driver.findElOrElsWithProcessing (/home/pbox/headspinio-pboxagent/appium/1.22.3/node_modules/appium/node_modules/appium-base-driver/lib/basedriver/commands/find.js:33:12)\n    at AndroidUiautomator2Driver.findElement (/home/pbox/headspinio-pboxagent/appium/1.22.3/node_modules/appium/node_modules/appium-base-driver/lib/basedriver/commands/find.js:53:10)", "trace": "self = <demo_script_test.TestDemoScript object at 0x10382a310>\ndriver = <appium.webdriver.webdriver.WebDriver (session=\"aff9a77e-e4f2-11ed-bb3e-06f0589e70dd\")>, rp_logger = <Logger conftest (DEBUG)>\n\n    @allure.step\n    @allure.label(\"DM1TC\")\n    @allure.title(\"First TC\") #TC title\n    @allure.description(\"\"\"This is test_demo running on Mobile device\"\"\") #TC Description\n    @allure.severity(allure.severity_level.MINOR)\n    #mark.issue :  Adds the details to ReportPortal if the test fails\n    @pytest.mark.issue(issue_id=\"111111\", reason=\"Some bug\", issue_type=\"AB\")\n    def test_demo(self, driver,rp_logger:Logger):\n        #This will be added as test description for ReportPortal\n        \"\"\"\n        This is test_demo running on Mobile device\n        \"\"\"\n        logger.info(\"Starting Test\")\n        rp_logger.info(\"Starting Test\")\n        self.driver = driver\n        self.wait = WebDriverWait(self.driver, 20)\n        try:\n            self.HOME_BUTTON = (MobileBy.ANDROID_UIAUTOMATOR, 'text(\"Homes\")')\n            self.SHORTS_BUTTON = (MobileBy.ANDROID_UIAUTOMATOR, 'text(\"Shorts\")')\n            self.LIBRARY_BUTTON = (MobileBy.ANDROID_UIAUTOMATOR, 'text(\"Library\")')\n            self.wait.until(EC.presence_of_element_located(self.HOME_BUTTON))\n            self.wait.until(EC.presence_of_element_located(self.LIBRARY_BUTTON)).click()\n            self.session_data.status = \"Passed\"\n        except Exception as e:\n            self.allureSS(\"ScreenShot\")\n            #Capture screenshot and attach to ReportPortal if test fails\n            try:\n                screenshot = self.driver.get_screenshot_as_png()\n                rp_logger.info(\"Some Text Here\",\n                        attachment={\"name\": \"test_name_screenshot.ini\",\n                                    \"data\": screenshot,\n                                    \"mime\": \"application/octet-stream\"})\n                rp_logger.info(\"Test Failed \")\n            except Exception as e2:\n                logger.info(f\"{e2}\")\n>           raise e\n\nscripts/demo_script_test.py:58: \n_ _ _ _ _ _ _ _ _ _ _ _ _ _ _ _ _ _ _ _ _ _ _ _ _ _ _ _ _ _ _ _ _ _ _ _ _ _ _ _ _ _ _ _ _ _ _ _ _ _ _ _ _ _ _ _ _ _ _ _ _ _ _ _ _ _ _ _ _ \nscripts/demo_script_test.py:43: in test_demo\n    self.wait.until(EC.presence_of_element_located(self.HOME_BUTTON))\n_ _ _ _ _ _ _ _ _ _ _ _ _ _ _ _ _ _ _ _ _ _ _ _ _ _ _ _ _ _ _ _ _ _ _ _ _ _ _ _ _ _ _ _ _ _ _ _ _ _ _ _ _ _ _ _ _ _ _ _ _ _ _ _ _ _ _ _ _ \n\nself = <selenium.webdriver.support.wait.WebDriverWait (session=\"aff9a77e-e4f2-11ed-bb3e-06f0589e70dd\")>\nmethod = <function presence_of_element_located.<locals>._predicate at 0x1037ba670>, message = ''\n\n    def until(self, method, message: str = \"\"):\n        \"\"\"Calls the method provided with the driver as an argument until the \\\n        return value does not evaluate to ``False``.\n    \n        :param method: callable(WebDriver)\n        :param message: optional message for :exc:`TimeoutException`\n        :returns: the result of the last call to `method`\n        :raises: :exc:`selenium.common.exceptions.TimeoutException` if timeout occurs\n        \"\"\"\n        screen = None\n        stacktrace = None\n    \n        end_time = time.monotonic() + self._timeout\n        while True:\n            try:\n                value = method(self._driver)\n                if value:\n                    return value\n            except self._ignored_exceptions as exc:\n                screen = getattr(exc, \"screen\", None)\n                stacktrace = getattr(exc, \"stacktrace\", None)\n            time.sleep(self._poll)\n            if time.monotonic() > end_time:\n                break\n>       raise TimeoutException(message, screen, stacktrace)\nE       selenium.common.exceptions.TimeoutException: Message: \nE       Stacktrace:\nE       NoSuchElementError: An element could not be located on the page using the given search parameters.\nE           at AndroidUiautomator2Driver.findElOrEls (/home/pbox/headspinio-pboxagent/appium/1.22.3/node_modules/appium/node_modules/appium-android-driver/lib/commands/find.js:75:11)\nE           at processTicksAndRejections (internal/process/task_queues.js:95:5)\nE           at AndroidUiautomator2Driver.findElOrElsWithProcessing (/home/pbox/headspinio-pboxagent/appium/1.22.3/node_modules/appium/node_modules/appium-base-driver/lib/basedriver/commands/find.js:33:12)\nE           at AndroidUiautomator2Driver.findElement (/home/pbox/headspinio-pboxagent/appium/1.22.3/node_modules/appium/node_modules/appium-base-driver/lib/basedriver/commands/find.js:53:10)\n\n../../../../.venv/lib/python3.9/site-packages/selenium/webdriver/support/wait.py:95: TimeoutException"}, "description": "This is test_demo running on Mobile device", "steps": [{"name": "test_demo", "status": "broken", "statusDetails": {"message": "selenium.common.exceptions.TimeoutException: Message: \nStacktrace:\nNoSuchElementError: An element could not be located on the page using the given search parameters.\n    at AndroidUiautomator2Driver.findElOrEls (/home/pbox/headspinio-pboxagent/appium/1.22.3/node_modules/appium/node_modules/appium-android-driver/lib/commands/find.js:75:11)\n    at processTicksAndRejections (internal/process/task_queues.js:95:5)\n    at AndroidUiautomator2Driver.findElOrElsWithProcessing (/home/pbox/headspinio-pboxagent/appium/1.22.3/node_modules/appium/node_modules/appium-base-driver/lib/basedriver/commands/find.js:33:12)\n    at AndroidUiautomator2Driver.findElement (/home/pbox/headspinio-pboxagent/appium/1.22.3/node_modules/appium/node_modules/appium-base-driver/lib/basedriver/commands/find.js:53:10)\n", "trace": "  File \"/Users/navaneeths/automation_code/automation-vigilant-engine/.venv/lib/python3.9/site-packages/allure_commons/_allure.py\", line 192, in impl\n    return func(*a, **kw)\n  File \"/Users/navaneeths/automation_code/automation-vigilant-engine/io/headspin/REPORTING_TOOL/Pytest/scripts/demo_script_test.py\", line 58, in test_demo\n    raise e\n  File \"/Users/navaneeths/automation_code/automation-vigilant-engine/io/headspin/REPORTING_TOOL/Pytest/scripts/demo_script_test.py\", line 43, in test_demo\n    self.wait.until(EC.presence_of_element_located(self.HOME_BUTTON))\n  File \"/Users/navaneeths/automation_code/automation-vigilant-engine/.venv/lib/python3.9/site-packages/selenium/webdriver/support/wait.py\", line 95, in until\n    raise TimeoutException(message, screen, stacktrace)\n"}, "steps": [{"name": "Take screenshot", "status": "passed", "attachments": [{"name": "ScreenShot", "source": "1b59d5a6-a902-45cf-8696-76337b79301a-attachment.png", "type": "image/png"}], "start": 1682596682655, "stop": 1682596687300}], "parameters": [{"name": "driver", "value": "<appium.webdriver.webdriver.WebDriver (session=\"aff9a77e-e4f2-11ed-bb3e-06f0589e70dd\")>"}, {"name": "rp_logger", "value": "<Logger conftest (DEBUG)>"}], "start": 1682596661594, "stop": 1682596691526}], "attachments": [{"name": "log", "source": "40d4ded1-98b8-4509-9199-4f69058f3bd4-attachment.txt", "type": "text/plain"}], "start": 1682596661594, "stop": 1682596691530, "uuid": "ff929ad5-a5bc-4a67-b6f0-8f058fcaf012", "historyId": "8b4e7bb9c4e8c0e85e53a1ca99678218", "testCaseId": "8b4e7bb9c4e8c0e85e53a1ca99678218", "fullName": "scripts.demo_script_test.TestDemoScript#test_demo", "labels": [{"name": "severity", "value": "minor"}, {"name": "tag", "value": "issue(issue_id='111111', reason='Some bug', issue_type='AB')"}, {"name": "parentSuite", "value": "scripts"}, {"name": "suite", "value": "demo_script_test"}, {"name": "subSuite", "value": "TestDemoScript"}, {"name": "host", "value": "MacBook-Pro.local"}, {"name": "thread", "value": "14023-MainThread"}, {"name": "framework", "value": "pytest"}, {"name": "language", "value": "cpython3"}, {"name": "package", "value": "scripts.demo_script_test"}]}