{"name": "First TC", "status": "broken", "statusDetails": {"message": "selenium.common.exceptions.NoSuchElementException: Message: An element could not be located on the page using the given search parameters.\nStacktrace:\nNoSuchElementError: An element could not be located on the page using the given search parameters.\n    at AndroidUiautomator2Driver.findElOrEls (/home/pbox/headspinio-pboxagent/appium/1.22.3/node_modules/appium/node_modules/appium-android-driver/lib/commands/find.js:75:11)\n    at processTicksAndRejections (internal/process/task_queues.js:95:5)\n    at AndroidUiautomator2Driver.findElOrElsWithProcessing (/home/pbox/headspinio-pboxagent/appium/1.22.3/node_modules/appium/node_modules/appium-base-driver/lib/basedriver/commands/find.js:33:12)\n    at AndroidUiautomator2Driver.findElement (/home/pbox/headspinio-pboxagent/appium/1.22.3/node_modules/appium/node_modules/appium-base-driver/lib/basedriver/commands/find.js:53:10)", "trace": "E   selenium.common.exceptions.NoSuchElementException: Message: An element could not be located on the page using the given search parameters.\n    Stacktrace:\n    NoSuchElementError: An element could not be located on the page using the given search parameters.\n        at AndroidUiautomator2Driver.findElOrEls (/home/pbox/headspinio-pboxagent/appium/1.22.3/node_modules/appium/node_modules/appium-android-driver/lib/commands/find.js:75:11)\n        at processTicksAndRejections (internal/process/task_queues.js:95:5)\n        at AndroidUiautomator2Driver.findElOrElsWithProcessing (/home/pbox/headspinio-pboxagent/appium/1.22.3/node_modules/appium/node_modules/appium-base-driver/lib/basedriver/commands/find.js:33:12)\n        at AndroidUiautomator2Driver.findElement (/home/pbox/headspinio-pboxagent/appium/1.22.3/node_modules/appium/node_modules/appium-base-driver/lib/basedriver/commands/find.js:53:10)"}, "description": "\n        This will be added as test description for ReportPortal/Allure Report\n        ", "steps": [{"name": "test_youtube_live_streaming", "status": "broken", "statusDetails": {"message": "selenium.common.exceptions.NoSuchElementException: Message: An element could not be located on the page using the given search parameters.\nStacktrace:\nNoSuchElementError: An element could not be located on the page using the given search parameters.\n    at AndroidUiautomator2Driver.findElOrEls (/home/pbox/headspinio-pboxagent/appium/1.22.3/node_modules/appium/node_modules/appium-android-driver/lib/commands/find.js:75:11)\n    at processTicksAndRejections (internal/process/task_queues.js:95:5)\n    at AndroidUiautomator2Driver.findElOrElsWithProcessing (/home/pbox/headspinio-pboxagent/appium/1.22.3/node_modules/appium/node_modules/appium-base-driver/lib/basedriver/commands/find.js:33:12)\n    at AndroidUiautomator2Driver.findElement (/home/pbox/headspinio-pboxagent/appium/1.22.3/node_modules/appium/node_modules/appium-base-driver/lib/basedriver/commands/find.js:53:10)\n", "trace": "  File \"/Users/navaneeths/Documents/NSTC/.venv/lib/python3.9/site-packages/allure_commons/_allure.py\", line 192, in impl\n    return func(*a, **kw)\n  File \"/Users/navaneeths/Documents/NSTC/REPORTING_TOOL/Pytest_reports/scripts/demo_script_test.py\", line 29, in test_youtube_live_streaming\n    driver.find_element(by=MobileBy.ID, value=\"com.google.android.youtube:id/title_edit_text\").send_keys(\"My Live Stream\")\n  File \"/Users/navaneeths/Documents/NSTC/.venv/lib/python3.9/site-packages/appium/webdriver/webdriver.py\", line 371, in find_element\n    return self.execute(RemoteCommand.FIND_ELEMENT, {'using': by, 'value': value})['value']\n  File \"/Users/navaneeths/Documents/NSTC/.venv/lib/python3.9/site-packages/selenium/webdriver/remote/webdriver.py\", line 440, in execute\n    self.error_handler.check_response(response)\n  File \"/Users/navaneeths/Documents/NSTC/.venv/lib/python3.9/site-packages/appium/webdriver/errorhandler.py\", line 30, in check_response\n    raise wde\n  File \"/Users/navaneeths/Documents/NSTC/.venv/lib/python3.9/site-packages/appium/webdriver/errorhandler.py\", line 26, in check_response\n    super().check_response(response)\n  File \"/Users/navaneeths/Documents/NSTC/.venv/lib/python3.9/site-packages/selenium/webdriver/remote/errorhandler.py\", line 245, in check_response\n    raise exception_class(message, screen, stacktrace)\n"}, "parameters": [{"name": "driver", "value": "<appium.webdriver.webdriver.WebDriver (session=\"45bbbf8a-ea58-11ed-9eb3-0a4e39ac9ea5\")>"}], "start": 1683190049549, "stop": 1683190057407}, {"name": "Screenshot adding to report", "status": "passed", "attachments": [{"name": "ScreenShot", "source": "9cad58d5-5a1c-4eaa-b638-1025340c6c9d-attachment.png", "type": "image/png"}], "start": 1683190060556, "stop": 1683190060557}], "attachments": [{"name": "stdout", "source": "1e9a3056-05dc-47bb-89f4-2b555a4e462a-attachment.txt", "type": "text/plain"}, {"name": "stderr", "source": "a35d77f0-e064-4df5-a2ac-25961a1d25a9-attachment.txt", "type": "text/plain"}], "start": 1683190049548, "stop": 1683190057446, "uuid": "898a8d9a-4d77-4dbc-8f82-7b5e63c7d5bd", "historyId": "c66f9aa9eaeb1f5c88dd844556a21499", "testCaseId": "c66f9aa9eaeb1f5c88dd844556a21499", "fullName": "scripts.demo_script_test.TestDemoScript#test_youtube_live_streaming", "labels": [{"name": "severity", "value": "minor"}, {"name": "tag", "value": "issue(issue_id='111111', reason='Locator bug', issue_type='AB')"}, {"name": "parentSuite", "value": "scripts"}, {"name": "suite", "value": "demo_script_test"}, {"name": "subSuite", "value": "TestDemoScript"}, {"name": "host", "value": "MacBook-Pro.local"}, {"name": "thread", "value": "42034-MainThread"}, {"name": "framework", "value": "pytest"}, {"name": "language", "value": "cpython3"}, {"name": "package", "value": "scripts.demo_script_test"}]}