{"name": "First TC", "status": "broken", "statusDetails": {"message": "selenium.common.exceptions.TimeoutException: Message: \nStacktrace:\nNoSuchElementError: An element could not be located on the page using the given search parameters.\n    at AndroidUiautomator2Driver.findElOrEls (/home/pbox/headspinio-pboxagent/appium/1.22.3/node_modules/appium/node_modules/appium-android-driver/lib/commands/find.js:75:11)\n    at processTicksAndRejections (internal/process/task_queues.js:95:5)\n    at AndroidUiautomator2Driver.findElOrElsWithProcessing (/home/pbox/headspinio-pboxagent/appium/1.22.3/node_modules/appium/node_modules/appium-base-driver/lib/basedriver/commands/find.js:33:12)\n    at AndroidUiautomator2Driver.findElement (/home/pbox/headspinio-pboxagent/appium/1.22.3/node_modules/appium/node_modules/appium-base-driver/lib/basedriver/commands/find.js:53:10)", "trace": "E   selenium.common.exceptions.TimeoutException: Message: \n    Stacktrace:\n    NoSuchElementError: An element could not be located on the page using the given search parameters.\n        at AndroidUiautomator2Driver.findElOrEls (/home/pbox/headspinio-pboxagent/appium/1.22.3/node_modules/appium/node_modules/appium-android-driver/lib/commands/find.js:75:11)\n        at processTicksAndRejections (internal/process/task_queues.js:95:5)\n        at AndroidUiautomator2Driver.findElOrElsWithProcessing (/home/pbox/headspinio-pboxagent/appium/1.22.3/node_modules/appium/node_modules/appium-base-driver/lib/basedriver/commands/find.js:33:12)\n        at AndroidUiautomator2Driver.findElement (/home/pbox/headspinio-pboxagent/appium/1.22.3/node_modules/appium/node_modules/appium-base-driver/lib/basedriver/commands/find.js:53:10)"}, "description": "This is test_demo running on Mobile device", "steps": [{"name": "test_demo", "status": "broken", "statusDetails": {"message": "selenium.common.exceptions.TimeoutException: Message: \nStacktrace:\nNoSuchElementError: An element could not be located on the page using the given search parameters.\n    at AndroidUiautomator2Driver.findElOrEls (/home/pbox/headspinio-pboxagent/appium/1.22.3/node_modules/appium/node_modules/appium-android-driver/lib/commands/find.js:75:11)\n    at processTicksAndRejections (internal/process/task_queues.js:95:5)\n    at AndroidUiautomator2Driver.findElOrElsWithProcessing (/home/pbox/headspinio-pboxagent/appium/1.22.3/node_modules/appium/node_modules/appium-base-driver/lib/basedriver/commands/find.js:33:12)\n    at AndroidUiautomator2Driver.findElement (/home/pbox/headspinio-pboxagent/appium/1.22.3/node_modules/appium/node_modules/appium-base-driver/lib/basedriver/commands/find.js:53:10)\n", "trace": "  File \"/Users/navaneeths/automation_code/automation-vigilant-engine/.venv/lib/python3.9/site-packages/allure_commons/_allure.py\", line 192, in impl\n    return func(*a, **kw)\n  File \"/Users/navaneeths/automation_code/automation-vigilant-engine/io/headspin/REPORTING_TOOL/Pytest_reports/scripts/demo_script_test.py\", line 68, in test_demo\n    raise e\n  File \"/Users/navaneeths/automation_code/automation-vigilant-engine/io/headspin/REPORTING_TOOL/Pytest_reports/scripts/demo_script_test.py\", line 44, in test_demo\n    self.wait.until(EC.presence_of_element_located(self.HOME_BUTTON))\n  File \"/Users/navaneeths/automation_code/automation-vigilant-engine/.venv/lib/python3.9/site-packages/selenium/webdriver/support/wait.py\", line 95, in until\n    raise TimeoutException(message, screen, stacktrace)\n"}, "steps": [{"name": "Take screenshot", "status": "passed", "attachments": [{"name": "ScreenShot", "source": "2c65955a-82a4-40d1-9fb1-de9c05bc452e-attachment.png", "type": "image/png"}], "start": 1683015875091, "stop": 1683015880685}], "parameters": [{"name": "driver", "value": "<appium.webdriver.webdriver.WebDriver (session=\"b4e50a0c-e8c2-11ed-9cf2-0a4e39ac9ea5\")>"}, {"name": "rp_logger", "value": "<Logger conftest (DEBUG)>"}], "start": 1683015859525, "stop": 1683015885987}], "start": 1683015859524, "stop": 1683015886004, "uuid": "4743174f-5949-48b6-a7be-f98db7b28d14", "historyId": "8b4e7bb9c4e8c0e85e53a1ca99678218", "testCaseId": "8b4e7bb9c4e8c0e85e53a1ca99678218", "fullName": "scripts.demo_script_test.TestDemoScript#test_demo", "labels": [{"name": "severity", "value": "minor"}, {"name": "tag", "value": "issue(issue_id='111111', reason='Some bug', issue_type='AB')"}, {"name": "parentSuite", "value": "scripts"}, {"name": "suite", "value": "demo_script_test"}, {"name": "subSuite", "value": "TestDemoScript"}, {"name": "host", "value": "MacBook-Pro.local"}, {"name": "thread", "value": "28313-MainThread"}, {"name": "framework", "value": "pytest"}, {"name": "language", "value": "cpython3"}, {"name": "package", "value": "scripts.demo_script_test"}]}