{"name": "First TC", "status": "broken", "statusDetails": {"message": "selenium.common.exceptions.TimeoutException: Message: \nStacktrace:\nNoSuchElementError: An element could not be located on the page using the given search parameters.\n    at AndroidUiautomator2Driver.findElOrEls (/home/pbox/headspinio-pboxagent/appium/1.22.3/node_modules/appium/node_modules/appium-android-driver/lib/commands/find.js:75:11)\n    at runMicrotasks (<anonymous>)\n    at processTicksAndRejections (internal/process/task_queues.js:95:5)\n    at AndroidUiautomator2Driver.findElOrElsWithProcessing (/home/pbox/headspinio-pboxagent/appium/1.22.3/node_modules/appium/node_modules/appium-base-driver/lib/basedriver/commands/find.js:33:12)\n    at AndroidUiautomator2Driver.findElement (/home/pbox/headspinio-pboxagent/appium/1.22.3/node_modules/appium/node_modules/appium-base-driver/lib/basedriver/commands/find.js:53:10)", "trace": "self = <demo_script_test.TestDemoScript object at 0x107284110>\ndriver = <appium.webdriver.webdriver.WebDriver (session=\"231e9b96-e8aa-11ed-9cdf-0a4e39ac9ea5\")>, rp_logger = <Logger conftest (DEBUG)>\n\n    @allure.step\n    @allure.label(\"DM1TC\")\n    @allure.title(\"First TC\") #TC title\n    @allure.description(\"\"\"This is test_demo running on Mobile device\"\"\") #TC Description\n    @allure.severity(allure.severity_level.MINOR)\n    #mark.issue :  Adds the details to ReportPortal if the test fails\n    @pytest.mark.issue(issue_id=\"111111\", reason=\"Some bug\", issue_type=\"AB\")\n    def test_demo(self, driver,rp_logger:Logger):\n        #This will be added as test description for ReportPortal\n        \"\"\"\n        This is test_demo running on Mobile device\n        \"\"\"\n        logger.info(\"Starting Test\")\n        rp_logger.info(\"Starting Test\")\n        self.driver = driver\n        self.wait = WebDriverWait(self.driver, 20)\n        try:\n            self.HOME_BUTTON = (MobileBy.ANDROID_UIAUTOMATOR, 'text(\"Homes\")')\n            self.SHORTS_BUTTON = (MobileBy.ANDROID_UIAUTOMATOR, 'text(\"Shorts\")')\n            self.LIBRARY_BUTTON = (MobileBy.ANDROID_UIAUTOMATOR, 'text(\"Library\")')\n            self.wait.until(EC.presence_of_element_located(self.HOME_BUTTON))\n            self.wait.until(EC.presence_of_element_located(self.LIBRARY_BUTTON)).click()\n            self.session_data.status = \"Passed\"\n        except Exception as e:\n            self.allureSS(\"ScreenShot\")\n            #Capture screenshot and attach to ReportPortal if test fails\n            try:\n                screenshot = self.driver.get_screenshot_as_png()\n                rp_logger.info(\"Some Text Here\",\n                        attachment={\"name\": \"test_name_screenshot.ini\",\n                                    \"data\": screenshot,\n                                    \"mime\": \"application/octet-stream\"})\n                rp_logger.info(\"Test Failed \")\n            except Exception as e2:\n                logger.info(f\"{e2}\")\n>           raise e\n\nscripts/demo_script_test.py:58: \n_ _ _ _ _ _ _ _ _ _ _ _ _ _ _ _ _ _ _ _ _ _ _ _ _ _ _ _ _ _ _ _ _ _ _ _ _ _ _ _ _ _ _ _ _ _ _ _ _ _ _ _ _ _ _ _ _ _ _ _ _ _ _ _ _ _ _ _ _ _ _ _\nscripts/demo_script_test.py:43: in test_demo\n    self.wait.until(EC.presence_of_element_located(self.HOME_BUTTON))\n_ _ _ _ _ _ _ _ _ _ _ _ _ _ _ _ _ _ _ _ _ _ _ _ _ _ _ _ _ _ _ _ _ _ _ _ _ _ _ _ _ _ _ _ _ _ _ _ _ _ _ _ _ _ _ _ _ _ _ _ _ _ _ _ _ _ _ _ _ _ _ _\n\nself = <selenium.webdriver.support.wait.WebDriverWait (session=\"231e9b96-e8aa-11ed-9cdf-0a4e39ac9ea5\")>\nmethod = <function presence_of_element_located.<locals>._predicate at 0x1072a9e40>, message = ''\n\n    def until(self, method, message: str = \"\"):\n        \"\"\"Calls the method provided with the driver as an argument until the \\\n        return value does not evaluate to ``False``.\n    \n        :param method: callable(WebDriver)\n        :param message: optional message for :exc:`TimeoutException`\n        :returns: the result of the last call to `method`\n        :raises: :exc:`selenium.common.exceptions.TimeoutException` if timeout occurs\n        \"\"\"\n        screen = None\n        stacktrace = None\n    \n        end_time = time.monotonic() + self._timeout\n        while True:\n            try:\n                value = method(self._driver)\n                if value:\n                    return value\n            except self._ignored_exceptions as exc:\n                screen = getattr(exc, \"screen\", None)\n                stacktrace = getattr(exc, \"stacktrace\", None)\n            time.sleep(self._poll)\n            if time.monotonic() > end_time:\n                break\n>       raise TimeoutException(message, screen, stacktrace)\nE       selenium.common.exceptions.TimeoutException: Message: \nE       Stacktrace:\nE       NoSuchElementError: An element could not be located on the page using the given search parameters.\nE           at AndroidUiautomator2Driver.findElOrEls (/home/pbox/headspinio-pboxagent/appium/1.22.3/node_modules/appium/node_modules/appium-android-driver/lib/commands/find.js:75:11)\nE           at runMicrotasks (<anonymous>)\nE           at processTicksAndRejections (internal/process/task_queues.js:95:5)\nE           at AndroidUiautomator2Driver.findElOrElsWithProcessing (/home/pbox/headspinio-pboxagent/appium/1.22.3/node_modules/appium/node_modules/appium-base-driver/lib/basedriver/commands/find.js:33:12)\nE           at AndroidUiautomator2Driver.findElement (/home/pbox/headspinio-pboxagent/appium/1.22.3/node_modules/appium/node_modules/appium-base-driver/lib/basedriver/commands/find.js:53:10)\n\n/Library/Frameworks/Python.framework/Versions/3.11/lib/python3.11/site-packages/selenium/webdriver/support/wait.py:95: TimeoutException"}, "description": "This is test_demo running on Mobile device", "steps": [{"name": "test_demo", "status": "broken", "statusDetails": {"message": "selenium.common.exceptions.TimeoutException: Message: \nStacktrace:\nNoSuchElementError: An element could not be located on the page using the given search parameters.\n    at AndroidUiautomator2Driver.findElOrEls (/home/pbox/headspinio-pboxagent/appium/1.22.3/node_modules/appium/node_modules/appium-android-driver/lib/commands/find.js:75:11)\n    at runMicrotasks (<anonymous>)\n    at processTicksAndRejections (internal/process/task_queues.js:95:5)\n    at AndroidUiautomator2Driver.findElOrElsWithProcessing (/home/pbox/headspinio-pboxagent/appium/1.22.3/node_modules/appium/node_modules/appium-base-driver/lib/basedriver/commands/find.js:33:12)\n    at AndroidUiautomator2Driver.findElement (/home/pbox/headspinio-pboxagent/appium/1.22.3/node_modules/appium/node_modules/appium-base-driver/lib/basedriver/commands/find.js:53:10)\n", "trace": "  File \"/Library/Frameworks/Python.framework/Versions/3.11/lib/python3.11/site-packages/allure_commons/_allure.py\", line 192, in impl\n    return func(*a, **kw)\n           ^^^^^^^^^^^^^^\n  File \"/Users/shamil/Documents/HS/HS_Repos/automation-vigilant-engine/io/headspin/REPORTING_TOOL/Pytest_reports/scripts/demo_script_test.py\", line 58, in test_demo\n    raise e\n  File \"/Users/shamil/Documents/HS/HS_Repos/automation-vigilant-engine/io/headspin/REPORTING_TOOL/Pytest_reports/scripts/demo_script_test.py\", line 43, in test_demo\n    self.wait.until(EC.presence_of_element_located(self.HOME_BUTTON))\n  File \"/Library/Frameworks/Python.framework/Versions/3.11/lib/python3.11/site-packages/selenium/webdriver/support/wait.py\", line 95, in until\n    raise TimeoutException(message, screen, stacktrace)\n"}, "steps": [{"name": "Take screenshot", "status": "passed", "attachments": [{"name": "ScreenShot", "source": "f2c3874a-2d91-48a2-8f30-f17ee9363082-attachment.png", "type": "image/png"}], "start": 1683005345639, "stop": 1683005348260}], "parameters": [{"name": "driver", "value": "<appium.webdriver.webdriver.WebDriver (session=\"231e9b96-e8aa-11ed-9cdf-0a4e39ac9ea5\")>"}, {"name": "rp_logger", "value": "<Logger conftest (DEBUG)>"}], "start": 1683005325244, "stop": 1683005350782}], "attachments": [{"name": "log", "source": "927b7ada-37af-4f7a-afbc-d12618dfc2db-attachment.txt", "type": "text/plain"}], "start": 1683005325244, "stop": 1683005350784, "uuid": "daad1c4d-7f7c-4b6f-a053-752bcf463a1a", "historyId": "8b4e7bb9c4e8c0e85e53a1ca99678218", "testCaseId": "8b4e7bb9c4e8c0e85e53a1ca99678218", "fullName": "scripts.demo_script_test.TestDemoScript#test_demo", "labels": [{"name": "severity", "value": "minor"}, {"name": "tag", "value": "issue(issue_id='111111', reason='Some bug', issue_type='AB')"}, {"name": "parentSuite", "value": "scripts"}, {"name": "suite", "value": "demo_script_test"}, {"name": "subSuite", "value": "TestDemoScript"}, {"name": "host", "value": "shamils-MacBook-Pro.local"}, {"name": "thread", "value": "63111-MainThread"}, {"name": "framework", "value": "pytest"}, {"name": "language", "value": "cpython3"}, {"name": "package", "value": "scripts.demo_script_test"}]}