{"uid":"da23b1a9326e15e","name":"Demo1 TC","fullName":"scripts.demo_script_test#test_demo","historyId":"a049e9c48ec7727e44c9fda326747d5b","time":{"start":1682588353009,"stop":1682588383549,"duration":30540},"description":"Demo1 Tc workflow","descriptionHtml":"<p>Demo1 Tc workflow</p>\n","status":"broken","statusMessage":"selenium.common.exceptions.TimeoutException: Message:","statusTrace":"self = <demo_script_test.TestDemoScript object at 0x7fb00672aa30>\ndriver = <appium.webdriver.webdriver.WebDriver (session=\"56221989-e4df-11ed-a2f2-00e04c689ce7\")>\n\n    @allure.step\n    @allure.label(\"DM1TC\")\n    @allure.title(\"Demo1 TC\") #TC title\n    @allure.description(\"\"\"Demo1 Tc workflow\"\"\") #TC Description\n    @allure.severity(allure.severity_level.MINOR)\n    def test_demo(self, driver):\n        self.driver = driver\n        self.wait = WebDriverWait(self.driver, 30)\n        print(self.session_data.status)\n        self.HOME_BUTTON = (MobileBy.ANDROID_UIAUTOMATOR, 'text(\"Homes\")')\n        self.SHORTS_BUTTON = (MobileBy.ANDROID_UIAUTOMATOR, 'text(\"Shorts\")')\n        self.LIBRARY_BUTTON = (MobileBy.ANDROID_UIAUTOMATOR, 'text(\"Library\")')\n>       self.wait.until(EC.presence_of_element_located(self.HOME_BUTTON))\n\nscripts/demo_script_test.py:32: \n_ _ _ _ _ _ _ _ _ _ _ _ _ _ _ _ _ _ _ _ _ _ _ _ _ _ _ _ _ _ _ _ _ _ _ _ _ _ _ _ _ _ _ _ _ _ _ _ _ _ _ _ _ _ _ _ _ _ _ _ _\n\nself = <selenium.webdriver.support.wait.WebDriverWait (session=\"56221989-e4df-11ed-a2f2-00e04c689ce7\")>\nmethod = <selenium.webdriver.support.expected_conditions.presence_of_element_located object at 0x7fb0067b00d0>\nmessage = ''\n\n    def until(self, method, message=''):\n        \"\"\"Calls the method provided with the driver as an argument until the \\\n        return value is not False.\"\"\"\n        screen = None\n        stacktrace = None\n    \n        end_time = time.time() + self._timeout\n        while True:\n            try:\n                value = method(self._driver)\n                if value:\n                    return value\n            except self._ignored_exceptions as exc:\n                screen = getattr(exc, 'screen', None)\n                stacktrace = getattr(exc, 'stacktrace', None)\n            time.sleep(self._poll)\n            if time.time() > end_time:\n                break\n>       raise TimeoutException(message, screen, stacktrace)\nE       selenium.common.exceptions.TimeoutException: Message:\n\n/Library/Frameworks/Python.framework/Versions/3.9/lib/python3.9/site-packages/selenium/webdriver/support/wait.py:80: TimeoutException","flaky":false,"newFailed":false,"newBroken":false,"newPassed":false,"retriesCount":0,"retriesStatusChange":false,"beforeStages":[{"name":"driver","time":{"start":1682588327414,"stop":1682588353009,"duration":25595},"status":"passed","steps":[],"attachments":[],"parameters":[],"stepsCount":0,"attachmentsCount":0,"shouldDisplayMessage":false,"hasContent":false}],"testStage":{"description":"Demo1 Tc workflow","status":"broken","statusMessage":"selenium.common.exceptions.TimeoutException: Message:","statusTrace":"self = <demo_script_test.TestDemoScript object at 0x7fb00672aa30>\ndriver = <appium.webdriver.webdriver.WebDriver (session=\"56221989-e4df-11ed-a2f2-00e04c689ce7\")>\n\n    @allure.step\n    @allure.label(\"DM1TC\")\n    @allure.title(\"Demo1 TC\") #TC title\n    @allure.description(\"\"\"Demo1 Tc workflow\"\"\") #TC Description\n    @allure.severity(allure.severity_level.MINOR)\n    def test_demo(self, driver):\n        self.driver = driver\n        self.wait = WebDriverWait(self.driver, 30)\n        print(self.session_data.status)\n        self.HOME_BUTTON = (MobileBy.ANDROID_UIAUTOMATOR, 'text(\"Homes\")')\n        self.SHORTS_BUTTON = (MobileBy.ANDROID_UIAUTOMATOR, 'text(\"Shorts\")')\n        self.LIBRARY_BUTTON = (MobileBy.ANDROID_UIAUTOMATOR, 'text(\"Library\")')\n>       self.wait.until(EC.presence_of_element_located(self.HOME_BUTTON))\n\nscripts/demo_script_test.py:32: \n_ _ _ _ _ _ _ _ _ _ _ _ _ _ _ _ _ _ _ _ _ _ _ _ _ _ _ _ _ _ _ _ _ _ _ _ _ _ _ _ _ _ _ _ _ _ _ _ _ _ _ _ _ _ _ _ _ _ _ _ _\n\nself = <selenium.webdriver.support.wait.WebDriverWait (session=\"56221989-e4df-11ed-a2f2-00e04c689ce7\")>\nmethod = <selenium.webdriver.support.expected_conditions.presence_of_element_located object at 0x7fb0067b00d0>\nmessage = ''\n\n    def until(self, method, message=''):\n        \"\"\"Calls the method provided with the driver as an argument until the \\\n        return value is not False.\"\"\"\n        screen = None\n        stacktrace = None\n    \n        end_time = time.time() + self._timeout\n        while True:\n            try:\n                value = method(self._driver)\n                if value:\n                    return value\n            except self._ignored_exceptions as exc:\n                screen = getattr(exc, 'screen', None)\n                stacktrace = getattr(exc, 'stacktrace', None)\n            time.sleep(self._poll)\n            if time.time() > end_time:\n                break\n>       raise TimeoutException(message, screen, stacktrace)\nE       selenium.common.exceptions.TimeoutException: Message:\n\n/Library/Frameworks/Python.framework/Versions/3.9/lib/python3.9/site-packages/selenium/webdriver/support/wait.py:80: TimeoutException","steps":[{"name":"test_demo","time":{"start":1682588353009,"stop":1682588383543,"duration":30534},"status":"broken","statusMessage":"selenium.common.exceptions.TimeoutException: Message: \n\n","statusTrace":"  File \"/Library/Frameworks/Python.framework/Versions/3.9/lib/python3.9/site-packages/allure_commons/_allure.py\", line 192, in impl\n    return func(*a, **kw)\n  File \"/Users/rohitbabu/Documents/automation-vigilant-engine/io/headspin/REPORTING_TOOL/scripts/demo_script_test.py\", line 32, in test_demo\n    self.wait.until(EC.presence_of_element_located(self.HOME_BUTTON))\n  File \"/Library/Frameworks/Python.framework/Versions/3.9/lib/python3.9/site-packages/selenium/webdriver/support/wait.py\", line 80, in until\n    raise TimeoutException(message, screen, stacktrace)\n","steps":[],"attachments":[],"parameters":[{"name":"driver","value":"<appium.webdriver.webdriver.WebDriver (session=\"56221989-e4df-11ed-a2f2-00e04c689ce7\")>"}],"stepsCount":0,"attachmentsCount":0,"shouldDisplayMessage":true,"hasContent":true}],"attachments":[],"parameters":[],"stepsCount":1,"attachmentsCount":0,"shouldDisplayMessage":true,"hasContent":true},"afterStages":[{"name":"driver::0","time":{"start":1682588383619,"stop":1682588383623,"duration":4},"status":"broken","statusMessage":"NameError: name 'allure_executor' is not defined\n","statusTrace":"  File \"/Library/Frameworks/Python.framework/Versions/3.9/lib/python3.9/site-packages/allure_commons/_allure.py\", line 221, in __call__\n    return self._fixture_function(*args, **kwargs)\n  File \"/Users/rohitbabu/Library/Python/3.9/lib/python/site-packages/_pytest/fixtures.py\", line 941, in _teardown_yield_fixture\n    next(it)\n  File \"/Users/rohitbabu/Documents/automation-vigilant-engine/io/headspin/REPORTING_TOOL/conftest.py\", line 77, in driver\n    allure_executor()\n","steps":[],"attachments":[],"parameters":[],"stepsCount":0,"attachmentsCount":0,"shouldDisplayMessage":true,"hasContent":true}],"labels":[{"name":"severity","value":"minor"},{"name":"parentSuite","value":"scripts"},{"name":"suite","value":"demo_script_test"},{"name":"subSuite","value":"TestDemoScript"},{"name":"host","value":"Rohits-MacBook-Pro.local"},{"name":"thread","value":"88226-MainThread"},{"name":"framework","value":"pytest"},{"name":"language","value":"cpython3"},{"name":"package","value":"scripts.demo_script_test"},{"name":"resultFormat","value":"allure2"}],"parameters":[],"links":[],"hidden":false,"retry":false,"extra":{"severity":"minor","retries":[],"categories":[{"name":"Element not Found Error","traceRegex":".*selenium.common.exceptions.TimeoutException.*","matchedStatuses":["broken"],"flaky":false}],"tags":[]},"source":"da23b1a9326e15e.json","parameterValues":[]}